
2019-03-21 20:56:16,820: INFO -- logged by: client.py -- the GET request to server has been sent
2019-03-21 20:56:16,820: INFO -- logged by: client.py -- the client received response and got the task of type 1
2019-03-21 20:56:16,820: INFO -- logged by: client.py -- the client sent task to the handler
2019-03-21 20:56:16,830: INFO -- logged by: client.py -- the POST request has been sent to the server
2019-03-21 20:56:21,860: INFO -- logged by: client.py -- the GET request to server has been sent
2019-03-21 20:56:21,861: INFO -- logged by: client.py -- the client received response and got the task of type 2
2019-03-21 20:56:21,861: INFO -- logged by: client.py -- the client sent task to the handler
2019-03-21 20:56:21,898: INFO -- logged by: client.py -- the POST request has been sent to the server
2019-03-21 20:56:26,915: INFO -- logged by: client.py -- the GET request to server has been sent
2019-03-21 20:56:26,916: INFO -- logged by: client.py -- the client received response and got the task of type 3
2019-03-21 20:56:26,916: INFO -- logged by: client.py -- the client sent task to the handler
2019-03-21 20:56:26,953: INFO -- logged by: client.py -- the POST request has been sent to the server
2019-03-21 20:56:31,980: INFO -- logged by: client.py -- the GET request to server has been sent
2019-03-21 20:56:31,980: INFO -- logged by: client.py -- the client received response and got the task of type 4
2019-03-21 20:56:31,981: INFO -- logged by: client.py -- the client sent task to the handler
2019-03-21 20:56:32,017: INFO -- logged by: client.py -- the POST request has been sent to the server
2019-03-21 20:56:37,040: INFO -- logged by: client.py -- the GET request to server has been sent
2019-03-21 20:56:37,040: INFO -- logged by: client.py -- the client received response and got the task of type 5
2019-03-21 20:56:37,040: INFO -- logged by: client.py -- the client sent task to the handler
2019-03-21 20:56:37,074: INFO -- logged by: client.py -- the POST request has been sent to the server
2019-03-21 20:56:42,100: INFO -- logged by: client.py -- the GET request to server has been sent
2019-03-21 20:56:42,100: INFO -- logged by: client.py -- the client received response and got the task of type 6
2019-03-21 20:56:42,100: INFO -- logged by: client.py -- the client sent task to the handler
2019-03-21 20:56:42,138: INFO -- logged by: client.py -- the POST request has been sent to the server
2019-03-21 20:56:47,160: INFO -- logged by: client.py -- the GET request to server has been sent
2019-03-21 20:56:47,160: INFO -- logged by: client.py -- the client received response and got the task of type 7
2019-03-21 20:56:47,160: INFO -- logged by: client.py -- the client sent task to the handler
2019-03-21 20:56:47,173: INFO -- logged by: client.py -- the POST request has been sent to the server
2019-03-21 20:56:52,200: INFO -- logged by: client.py -- the GET request to server has been sent
2019-03-21 20:56:52,200: INFO -- logged by: client.py -- the client received response and got the task of type 23
2019-03-21 20:56:52,200: INFO -- logged by: client.py -- the client sent task to the handler
2019-03-21 20:56:52,236: INFO -- logged by: client.py -- the POST request has been sent to the server
2019-03-21 20:56:57,259: INFO -- logged by: client.py -- the GET request to server has been sent
2019-03-21 20:56:57,260: INFO -- logged by: client.py -- the client received response and got the task of type 24
2019-03-21 20:56:57,260: INFO -- logged by: client.py -- the client sent task to the handler
2019-03-21 20:56:57,294: INFO -- logged by: client.py -- the POST request has been sent to the server
2019-03-21 20:57:02,314: INFO -- logged by: client.py -- the GET request to server has been sent
2019-03-21 20:57:02,315: INFO -- logged by: client.py -- the client received response and got the task of type 25
2019-03-21 20:57:02,315: INFO -- logged by: client.py -- the client sent task to the handler
2019-03-21 20:57:02,321: INFO -- logged by: client.py -- the POST request has been sent to the server
2019-03-21 20:57:07,340: INFO -- logged by: client.py -- the GET request to server has been sent
2019-03-21 20:57:07,340: INFO -- logged by: client.py -- the client received response and got the task of type 26
2019-03-21 20:57:07,340: INFO -- logged by: client.py -- the client sent task to the handler
2019-03-21 20:57:07,350: INFO -- logged by: client.py -- the POST request has been sent to the server
2019-03-21 20:57:12,382: INFO -- logged by: client.py -- the GET request to server has been sent
2019-03-21 20:57:12,382: INFO -- logged by: client.py -- the client received response and got the task of type 27
2019-03-21 20:57:12,382: INFO -- logged by: client.py -- the client sent task to the handler
2019-03-21 20:57:12,440: INFO -- logged by: client.py -- the POST request has been sent to the server
2019-03-21 20:57:17,459: INFO -- logged by: client.py -- the GET request to server has been sent
2019-03-21 20:57:17,459: INFO -- logged by: client.py -- the client received response and got the task of type 28
2019-03-21 20:57:17,459: INFO -- logged by: client.py -- the client sent task to the handler
2019-03-21 20:57:17,494: INFO -- logged by: client.py -- the POST request has been sent to the server
2019-03-21 20:57:22,510: INFO -- logged by: client.py -- the GET request to server has been sent
2019-03-21 20:57:22,510: INFO -- logged by: client.py -- the client received response and got the task of type 29
2019-03-21 20:57:22,510: INFO -- logged by: client.py -- the client sent task to the handler
2019-03-21 20:57:22,544: INFO -- logged by: client.py -- the POST request has been sent to the server
2019-03-21 20:57:27,569: INFO -- logged by: client.py -- the GET request to server has been sent
2019-03-21 20:57:27,569: INFO -- logged by: client.py -- the client received response and got the task of type 30
2019-03-21 20:57:27,569: INFO -- logged by: client.py -- the client sent task to the handler
2019-03-21 20:57:27,605: INFO -- logged by: client.py -- the POST request has been sent to the server
2019-03-21 20:57:32,628: INFO -- logged by: client.py -- the GET request to server has been sent
2019-03-21 20:57:32,629: INFO -- logged by: client.py -- the client received response and got the task of type 31
2019-03-21 20:57:32,629: INFO -- logged by: client.py -- the client sent task to the handler
2019-03-21 20:57:32,636: INFO -- logged by: client.py -- the POST request has been sent to the server
2019-03-21 20:57:37,648: INFO -- logged by: client.py -- the GET request to server has been sent
2019-03-21 20:57:37,649: INFO -- logged by: client.py -- the client received response and got the task of type 32
2019-03-21 20:57:37,649: INFO -- logged by: client.py -- the client sent task to the handler
2019-03-21 20:57:37,684: INFO -- logged by: client.py -- the POST request has been sent to the server
2019-03-21 20:57:42,699: INFO -- logged by: client.py -- the GET request to server has been sent
2019-03-21 20:57:42,699: INFO -- logged by: client.py -- the client received response and got the task of type 33
2019-03-21 20:57:42,699: INFO -- logged by: client.py -- the client sent task to the handler
2019-03-21 20:57:42,735: INFO -- logged by: client.py -- the POST request has been sent to the server
2019-03-21 20:57:47,759: INFO -- logged by: client.py -- the GET request to server has been sent
2019-03-21 20:57:47,759: INFO -- logged by: client.py -- the client received response and got the task of type 34
2019-03-21 20:57:47,759: INFO -- logged by: client.py -- the client sent task to the handler
2019-03-21 20:57:47,795: INFO -- logged by: client.py -- the POST request has been sent to the server
2019-03-21 20:57:52,814: INFO -- logged by: client.py -- the GET request to server has been sent
2019-03-21 20:57:52,814: INFO -- logged by: client.py -- the client received response and got the task of type 35
2019-03-21 20:57:52,814: INFO -- logged by: client.py -- the client sent task to the handler
2019-03-21 20:57:52,851: INFO -- logged by: client.py -- the POST request has been sent to the server
2019-03-21 20:57:57,879: INFO -- logged by: client.py -- the GET request to server has been sent
2019-03-21 20:57:57,879: INFO -- logged by: client.py -- the client received response and got the task of type 36
2019-03-21 20:57:57,879: INFO -- logged by: client.py -- the client sent task to the handler
2019-03-21 20:57:57,890: INFO -- logged by: client.py -- the POST request has been sent to the server
2019-03-21 20:58:02,913: INFO -- logged by: client.py -- the GET request to server has been sent
2019-03-21 20:58:02,913: INFO -- logged by: client.py -- the client received response and got the task of type 37
2019-03-21 20:58:02,913: INFO -- logged by: client.py -- the client sent task to the handler
2019-03-21 20:58:02,949: INFO -- logged by: client.py -- the POST request has been sent to the server
2019-03-21 20:58:07,958: INFO -- logged by: client.py -- the GET request to server has been sent
2019-03-21 20:58:07,958: INFO -- logged by: client.py -- the client received response and got the task of type 38
2019-03-21 20:58:07,958: INFO -- logged by: client.py -- the client sent task to the handler
2019-03-21 20:58:07,995: INFO -- logged by: client.py -- the POST request has been sent to the server
2019-03-21 20:58:13,015: INFO -- logged by: client.py -- the GET request to server has been sent
2019-03-21 20:58:13,015: INFO -- logged by: client.py -- the client received response and got the task of type 39
2019-03-21 20:58:13,015: INFO -- logged by: client.py -- the client sent task to the handler
2019-03-21 20:58:13,050: INFO -- logged by: client.py -- the POST request has been sent to the server
2019-03-21 20:58:18,079: INFO -- logged by: client.py -- the GET request to server has been sent
2019-03-21 20:58:18,079: INFO -- logged by: client.py -- the client received response and got the task of type 40
2019-03-21 20:58:18,079: INFO -- logged by: client.py -- the client sent task to the handler
2019-03-21 20:58:18,085: INFO -- logged by: client.py -- the POST request has been sent to the server
2019-03-21 20:58:23,098: INFO -- logged by: client.py -- the GET request to server has been sent
2019-03-21 20:58:23,098: INFO -- logged by: client.py -- the client received response and got the task of type 41
2019-03-21 20:58:23,098: INFO -- logged by: client.py -- the client sent task to the handler
2019-03-21 20:58:23,135: INFO -- logged by: client.py -- the POST request has been sent to the server
2019-03-21 20:58:28,156: INFO -- logged by: client.py -- the GET request to server has been sent
2019-03-21 20:58:28,156: INFO -- logged by: client.py -- no available tasks for now
2019-03-21 20:58:33,176: INFO -- logged by: client.py -- the GET request to server has been sent
2019-03-21 20:58:33,176: INFO -- logged by: client.py -- no available tasks for now
